<?xml version="1.0" encoding="UTF-8"?><testsuite failures="0" name="cucumber.runtime.formatter.JUnitFormatter" skipped="0" tests="1" time="14.796943">
<testcase classname="Test facebook login" name="Test FB Login with valid credentials" time="14.796943">
<system-out><![CDATA[Given open Firefox and go to fb application.................................passed
When I enter valid username and password....................................passed
Then user should be able to login...........................................passed
]]></system-out>
</testcase>
</testsuite>
