<?xml version="1.0" encoding="UTF-8"?>
<testng-results skipped="0" failed="0" ignored="0" total="1" passed="1">
  <reporter-output>
  </reporter-output>
  <suite name="Default suite" duration-ms="21489" started-at="2018-10-07T06:22:17Z" finished-at="2018-10-07T06:22:39Z">
    <groups>
    </groups>
    <test name="Default test" duration-ms="21489" started-at="2018-10-07T06:22:17Z" finished-at="2018-10-07T06:22:39Z">
      <class name="PracticeThis.InvokeBase">
        <test-method status="PASS" signature="Test1()[pri:0, instance:PracticeThis.InvokeBase@17d0685f]" name="Test1" duration-ms="21422" started-at="2018-10-07T06:22:17Z" finished-at="2018-10-07T06:22:39Z">
          <reporter-output>
          </reporter-output>
        </test-method> <!-- Test1 -->
      </class> <!-- PracticeThis.InvokeBase -->
    </test> <!-- Default test -->
  </suite> <!-- Default suite -->
</testng-results>
